2025-01-03 14:49:00,287 - INFO - 程序开始执行
2025-01-03 14:49:00,287 - INFO - 正在为座位 Z41N005 进行预约...
2025-01-03 14:49:00,287 - INFO - 正在进行第 1 次请求...
2025-01-03 14:49:00,288 - INFO - 发送预约请求...
2025-01-03 14:49:21,409 - INFO - 状态码: 200
2025-01-03 14:49:21,409 - INFO - 响应内容: {"code":1,"msg":"开始或结束时间不能早于当前时间","count":0,"totalCount":0,"totalPage":0,"data":""}
2025-01-03 14:49:21,409 - INFO - 任务执行时间：2025-01-03 14:49:21.409845
2025-01-03 14:49:21,409 - INFO - 等待 2 秒后再尝试下一次请求...
2025-01-03 14:49:23,410 - INFO - 正在为座位 Z41N006 进行预约...
2025-01-03 14:49:23,410 - INFO - 正在进行第 2 次请求...
2025-01-03 14:49:23,410 - INFO - 发送预约请求...
2025-01-03 14:49:44,507 - INFO - 状态码: 200
2025-01-03 14:49:44,507 - INFO - 响应内容: {"code":1,"msg":"开始或结束时间不能早于当前时间","count":0,"totalCount":0,"totalPage":0,"data":""}
2025-01-03 14:49:44,508 - INFO - 任务执行时间：2025-01-03 14:49:44.507202
2025-01-03 14:49:44,508 - INFO - 等待 2 秒后再尝试下一次请求...
2025-01-03 14:49:46,509 - INFO - 正在为座位 Z41N259 进行预约...
2025-01-03 14:49:46,509 - INFO - 正在进行第 3 次请求...
2025-01-03 14:49:46,509 - INFO - 发送预约请求...
2025-01-03 14:50:07,611 - INFO - 状态码: 200
2025-01-03 14:50:07,611 - INFO - 响应内容: {"code":1,"msg":"开始或结束时间不能早于当前时间","count":0,"totalCount":0,"totalPage":0,"data":""}
2025-01-03 14:50:07,611 - INFO - 任务执行时间：2025-01-03 14:50:07.611418
2025-01-03 14:50:07,611 - INFO - 程序执行结束
2025-01-03 22:26:52,255 - INFO - 程序开始执行
2025-01-03 22:26:52,255 - INFO - 正在为座位 Z41N006 进行预约...
2025-01-03 22:26:52,255 - INFO - 正在进行第 1 次请求...
2025-01-03 22:26:52,255 - INFO - 发送预约请求...
2025-01-03 22:26:52,309 - INFO - 状态码: 200
2025-01-03 22:26:52,309 - INFO - 响应内容: {"code":1,"msg":"开始或结束时间不能早于当前时间","count":0,"totalCount":0,"totalPage":0,"data":""}
2025-01-03 22:26:52,309 - INFO - 任务执行时间：2025-01-03 22:26:52.309279
2025-01-03 22:26:52,309 - INFO - 等待 2 秒后再尝试下一次请求...
2025-01-03 22:26:54,309 - INFO - 正在为座位 Z41N005 进行预约...
2025-01-03 22:26:54,309 - INFO - 正在进行第 2 次请求...
2025-01-03 22:26:54,309 - INFO - 发送预约请求...
2025-01-03 22:26:54,357 - INFO - 状态码: 200
2025-01-03 22:26:54,357 - INFO - 响应内容: {"code":1,"msg":"开始或结束时间不能早于当前时间","count":0,"totalCount":0,"totalPage":0,"data":""}
2025-01-03 22:26:54,357 - INFO - 任务执行时间：2025-01-03 22:26:54.357436
2025-01-03 22:26:54,358 - INFO - 等待 2 秒后再尝试下一次请求...
2025-01-03 22:26:56,359 - INFO - 正在为座位 Z41N259 进行预约...
2025-01-03 22:26:56,359 - INFO - 正在进行第 3 次请求...
2025-01-03 22:26:56,359 - INFO - 发送预约请求...
2025-01-03 22:26:56,404 - INFO - 状态码: 200
2025-01-03 22:26:56,404 - INFO - 响应内容: {"code":1,"msg":"开始或结束时间不能早于当前时间","count":0,"totalCount":0,"totalPage":0,"data":""}
2025-01-03 22:26:56,404 - INFO - 任务执行时间：2025-01-03 22:26:56.404869
2025-01-03 22:26:56,404 - INFO - 程序执行结束
2025-01-04 07:00:03,460 - INFO - 程序开始执行
2025-01-04 07:00:03,461 - INFO - 正在为座位 Z41N006 进行预约...
2025-01-04 07:00:03,461 - INFO - 正在进行第 1 次请求...
2025-01-04 07:00:03,461 - INFO - 发送预约请求...
2025-01-04 07:00:03,607 - INFO - 状态码: 200
2025-01-04 07:00:03,608 - INFO - 响应内容: {"code":0,"msg":"预约成功","count":0,"totalCount":0,"totalPage":0,"data":""}
2025-01-04 07:00:03,608 - INFO - 任务执行时间：2025-01-04 07:00:03.608896
2025-01-04 07:00:03,608 - INFO - 等待 2 秒后再尝试下一次请求...
2025-01-04 07:00:05,609 - INFO - 正在为座位 Z41N259 进行预约...
2025-01-04 07:00:05,609 - INFO - 正在进行第 2 次请求...
2025-01-04 07:00:05,609 - INFO - 发送预约请求...
2025-01-04 07:00:05,662 - INFO - 状态码: 200
2025-01-04 07:00:05,663 - INFO - 响应内容: {"code":1,"msg":"您已预约该时段，请重新选择时间范围","count":0,"totalCount":0,"totalPage":0,"data":""}
2025-01-04 07:00:05,663 - INFO - 任务执行时间：2025-01-04 07:00:05.663338
2025-01-04 07:00:05,663 - INFO - 等待 2 秒后再尝试下一次请求...
2025-01-04 07:00:07,663 - INFO - 正在为座位 Z41N005 进行预约...
2025-01-04 07:00:07,663 - INFO - 正在进行第 3 次请求...
2025-01-04 07:00:07,663 - INFO - 发送预约请求...
2025-01-04 07:00:07,764 - INFO - 状态码: 200
2025-01-04 07:00:07,765 - INFO - 响应内容: {"code":1,"msg":"您已预约该时段，请重新选择时间范围","count":0,"totalCount":0,"totalPage":0,"data":""}
2025-01-04 07:00:07,765 - INFO - 任务执行时间：2025-01-04 07:00:07.765803
2025-01-04 07:00:07,765 - INFO - 程序执行结束
